2025-07-05 11:04:30,076 - __main__ - INFO - ============================================================
2025-07-05 11:04:30,081 - __main__ - INFO - ============================================================
2025-07-05 11:04:30,086 - __main__ - INFO - ============================================================
2025-07-05 11:04:30,091 - warehouse_config - INFO - Warehouse configuration loaded: WARP Main Warehouse
2025-07-05 11:04:41,351 - warehouse_threading.optimized_pipeline_system - INFO -    - Smart frame skipping BEFORE processing (95% CPU savings)
2025-07-05 11:04:41,351 - warehouse_threading.optimized_pipeline_system - INFO -    - Enhanced queue management for GPU feeding
2025-07-05 11:04:41,353 - warehouse_threading.optimized_pipeline_system - INFO -    - SAME tested modules: detection, filtering, coordinates, database
2025-07-05 11:04:41,717 - modules.coordinate_mapper - INFO - CPU coordinate mapper initialized - Floor: 45.0ft x 30.0ft
2025-07-05 11:04:41,722 - modules.coordinate_mapper - INFO - Camera ID: 1
2025-07-05 11:04:41,728 - modules.coordinate_mapper - INFO - CPU coordinate calibration loaded from: ../configs/warehouse_calibration_camera_1.json
2025-07-05 11:04:41,741 - modules.feature_database - INFO - Loaded 33 objects from CPU database
2025-07-05 11:04:41,758 - modules.feature_database - INFO - CPU feature database initialized with 33 objects
2025-07-05 11:04:41,837 - modules.coordinate_mapper - INFO - CPU coordinate mapper initialized - Floor: 45.0ft x 30.0ft
2025-07-05 11:04:41,840 - modules.coordinate_mapper - INFO - Camera ID: 2
2025-07-05 11:04:41,844 - modules.coordinate_mapper - INFO - CPU coordinate calibration loaded from: ../configs/warehouse_calibration_camera_2.json
2025-07-05 11:04:41,856 - modules.feature_database - INFO - Loaded 18 objects from CPU database
2025-07-05 11:04:41,869 - modules.feature_database - INFO - CPU feature database initialized with 18 objects
2025-07-05 11:04:41,926 - modules.coordinate_mapper - INFO - CPU coordinate mapper initialized - Floor: 45.0ft x 30.0ft
2025-07-05 11:04:41,930 - modules.coordinate_mapper - INFO - Camera ID: 3
2025-07-05 11:04:41,935 - modules.coordinate_mapper - INFO - CPU coordinate calibration loaded from: ../configs/warehouse_calibration_camera_3.json
2025-07-05 11:04:41,945 - modules.feature_database - INFO - Loaded 26 objects from CPU database
2025-07-05 11:04:41,959 - modules.feature_database - INFO - CPU feature database initialized with 26 objects
2025-07-05 11:04:42,036 - modules.coordinate_mapper - INFO - CPU coordinate mapper initialized - Floor: 45.0ft x 30.0ft
2025-07-05 11:04:42,042 - modules.coordinate_mapper - INFO - Camera ID: 4
2025-07-05 11:04:42,049 - modules.coordinate_mapper - INFO - CPU coordinate calibration loaded from: ../configs/warehouse_calibration_camera_4.json
2025-07-05 11:04:42,063 - modules.feature_database - INFO - Loaded 12 objects from CPU database
2025-07-05 11:04:42,083 - modules.feature_database - INFO - CPU feature database initialized with 12 objects
2025-07-05 11:05:11,424 - warehouse_threading.optimized_pipeline_system - INFO -    Expected CPU Savings: 95%
2025-07-05 11:05:11,429 - warehouse_threading.optimized_pipeline_system - INFO -    GPU Feed Efficiency: 0.00
2025-07-05 11:05:11,434 - warehouse_threading.optimized_pipeline_system - INFO -    Frames Processed: 0
2025-07-05 11:05:11,445 - warehouse_threading.optimized_queue_manager - INFO -    GPU Feed Efficiency: 0.00
2025-07-05 11:05:11,450 - warehouse_threading.optimized_queue_manager - INFO -    Avg Queue Utilization: 0.00
2025-07-05 11:05:11,455 - warehouse_threading.optimized_queue_manager - INFO -    Bottleneck Detected: none
2025-07-05 11:05:11,459 - warehouse_threading.optimized_queue_manager - INFO -    Total Overflows: 0
2025-07-05 11:06:17,197 - __main__ - INFO - ============================================================
2025-07-05 11:06:17,202 - __main__ - INFO - ============================================================
2025-07-05 11:06:17,207 - __main__ - INFO - ============================================================
2025-07-05 11:06:17,211 - warehouse_config - INFO - Warehouse configuration loaded: WARP Main Warehouse
2025-07-05 12:51:03,755 - __main__ - INFO - STARTING OPTIMIZED WAREHOUSE THREADING SYSTEM
2025-07-05 12:51:03,757 - __main__ - INFO - ============================================================
2025-07-05 12:51:03,757 - __main__ - INFO - KEY OPTIMIZATIONS:
2025-07-05 12:51:03,757 - __main__ - INFO -    [OK] Smart frame skipping BEFORE processing (95% CPU savings)
2025-07-05 12:51:03,757 - __main__ - INFO -    [OK] Enhanced queue management for GPU feeding
2025-07-05 12:51:03,757 - __main__ - INFO -    [OK] SAME tested modules: detection, filtering, coordinates, database
2025-07-05 12:51:03,757 - __main__ - INFO -    [OK] Zero changes to existing functionality
2025-07-05 12:51:03,758 - __main__ - INFO - ============================================================
2025-07-05 12:51:03,758 - __main__ - INFO - PERFORMANCE MONITORING INSTRUCTIONS:
2025-07-05 12:51:03,758 - __main__ - INFO -    [1] Open Task Manager / System Monitor
2025-07-05 12:51:03,758 - __main__ - INFO -    [2] Watch CPU usage - should drop from 100% to ~20-30%
2025-07-05 12:51:03,758 - __main__ - INFO -    [3] Watch GPU usage - should increase from 20% to 80-90%
2025-07-05 12:51:03,758 - __main__ - INFO -    [4] Watch Memory usage - should be more stable
2025-07-05 12:51:03,758 - __main__ - INFO -    [5] Monitor for ~2-3 minutes to see the difference
2025-07-05 12:51:03,758 - __main__ - INFO - ============================================================
2025-07-05 12:51:03,758 - __main__ - INFO - [INIT] Initializing optimized system for cameras: [1, 2, 3, 4]
2025-07-05 12:51:03,763 - warehouse_config - INFO - Warehouse configuration loaded: WARP Main Warehouse
2025-07-05 12:51:14,298 - warehouse_threading.optimized_pipeline_system - INFO -    - Smart frame skipping BEFORE processing (95% CPU savings)
2025-07-05 12:51:14,298 - warehouse_threading.optimized_pipeline_system - INFO -    - Enhanced queue management for GPU feeding
2025-07-05 12:51:14,299 - warehouse_threading.optimized_pipeline_system - INFO -    - SAME tested modules: detection, filtering, coordinates, database
2025-07-05 12:51:14,299 - __main__ - INFO - [START] Starting optimized threading system...
2025-07-05 12:51:14,299 - __main__ - INFO - [INFO] System will run until Ctrl+C is pressed
2025-07-05 12:51:14,299 - __main__ - INFO - [MONITOR] Performance stats will be logged every 30 seconds
2025-07-05 12:51:14,554 - modules.coordinate_mapper - INFO - CPU coordinate mapper initialized - Floor: 45.0ft x 30.0ft
2025-07-05 12:51:14,558 - modules.coordinate_mapper - INFO - Camera ID: 1
2025-07-05 12:51:14,563 - modules.coordinate_mapper - INFO - CPU coordinate calibration loaded from: ../configs/warehouse_calibration_camera_1.json
2025-07-05 12:51:14,572 - modules.feature_database - INFO - Loaded 33 objects from CPU database
2025-07-05 12:51:14,586 - modules.feature_database - INFO - CPU feature database initialized with 33 objects
2025-07-05 12:51:14,643 - modules.coordinate_mapper - INFO - CPU coordinate mapper initialized - Floor: 45.0ft x 30.0ft
2025-07-05 12:51:14,648 - modules.coordinate_mapper - INFO - Camera ID: 2
2025-07-05 12:51:14,651 - modules.coordinate_mapper - INFO - CPU coordinate calibration loaded from: ../configs/warehouse_calibration_camera_2.json
2025-07-05 12:51:14,660 - modules.feature_database - INFO - Loaded 18 objects from CPU database
2025-07-05 12:51:14,672 - modules.feature_database - INFO - CPU feature database initialized with 18 objects
2025-07-05 12:51:14,726 - modules.coordinate_mapper - INFO - CPU coordinate mapper initialized - Floor: 45.0ft x 30.0ft
2025-07-05 12:51:14,730 - modules.coordinate_mapper - INFO - Camera ID: 3
2025-07-05 12:51:14,734 - modules.coordinate_mapper - INFO - CPU coordinate calibration loaded from: ../configs/warehouse_calibration_camera_3.json
2025-07-05 12:51:14,743 - modules.feature_database - INFO - Loaded 26 objects from CPU database
2025-07-05 12:51:14,755 - modules.feature_database - INFO - CPU feature database initialized with 26 objects
2025-07-05 12:51:14,813 - modules.coordinate_mapper - INFO - CPU coordinate mapper initialized - Floor: 45.0ft x 30.0ft
2025-07-05 12:51:14,818 - modules.coordinate_mapper - INFO - Camera ID: 4
2025-07-05 12:51:14,826 - modules.coordinate_mapper - INFO - CPU coordinate calibration loaded from: ../configs/warehouse_calibration_camera_4.json
2025-07-05 12:51:14,835 - modules.feature_database - INFO - Loaded 12 objects from CPU database
2025-07-05 12:51:14,850 - modules.feature_database - INFO - CPU feature database initialized with 12 objects
2025-07-05 12:51:44,360 - warehouse_threading.optimized_pipeline_system - INFO -    Expected CPU Savings: 95%
2025-07-05 12:51:44,365 - warehouse_threading.optimized_pipeline_system - INFO -    GPU Feed Efficiency: 0.00
2025-07-05 12:51:44,368 - warehouse_threading.optimized_pipeline_system - INFO -    Frames Processed: 0
2025-07-05 12:51:44,378 - warehouse_threading.optimized_queue_manager - INFO -    GPU Feed Efficiency: 0.00
2025-07-05 12:51:44,382 - warehouse_threading.optimized_queue_manager - INFO -    Avg Queue Utilization: 0.00
2025-07-05 12:51:44,385 - warehouse_threading.optimized_queue_manager - INFO -    Bottleneck Detected: none
2025-07-05 12:51:44,389 - warehouse_threading.optimized_queue_manager - INFO -    Total Overflows: 0
2025-07-05 12:53:23,085 - __main__ - INFO - STARTING OPTIMIZED WAREHOUSE THREADING SYSTEM
2025-07-05 12:53:23,085 - __main__ - INFO - ============================================================
2025-07-05 12:53:23,085 - __main__ - INFO - KEY OPTIMIZATIONS:
2025-07-05 12:53:23,085 - __main__ - INFO -    [OK] Smart frame skipping BEFORE processing (95% CPU savings)
2025-07-05 12:53:23,085 - __main__ - INFO -    [OK] Enhanced queue management for GPU feeding
2025-07-05 12:53:23,085 - __main__ - INFO -    [OK] SAME tested modules: detection, filtering, coordinates, database
2025-07-05 12:53:23,085 - __main__ - INFO -    [OK] Zero changes to existing functionality
2025-07-05 12:53:23,085 - __main__ - INFO - ============================================================
2025-07-05 12:53:23,085 - __main__ - INFO - PERFORMANCE MONITORING INSTRUCTIONS:
2025-07-05 12:53:23,085 - __main__ - INFO -    [1] Open Task Manager / System Monitor
2025-07-05 12:53:23,085 - __main__ - INFO -    [2] Watch CPU usage - should drop from 100% to ~20-30%
2025-07-05 12:53:23,087 - __main__ - INFO -    [3] Watch GPU usage - should increase from 20% to 80-90%
2025-07-05 12:53:23,087 - __main__ - INFO -    [4] Watch Memory usage - should be more stable
2025-07-05 12:53:23,087 - __main__ - INFO -    [5] Monitor for ~2-3 minutes to see the difference
2025-07-05 12:53:23,087 - __main__ - INFO - ============================================================
2025-07-05 12:53:23,087 - __main__ - INFO - [INIT] Initializing optimized system for cameras: [1, 2, 3, 4]
2025-07-05 12:53:23,092 - warehouse_config - INFO - Warehouse configuration loaded: WARP Main Warehouse
2025-07-05 12:53:33,992 - warehouse_threading.optimized_pipeline_system - INFO -    - Smart frame skipping BEFORE processing (95% CPU savings)
2025-07-05 12:53:33,992 - warehouse_threading.optimized_pipeline_system - INFO -    - Enhanced queue management for GPU feeding
2025-07-05 12:53:33,992 - warehouse_threading.optimized_pipeline_system - INFO -    - SAME tested modules: detection, filtering, coordinates, database
2025-07-05 12:53:33,992 - __main__ - INFO - [START] Starting optimized threading system...
2025-07-05 12:53:33,993 - __main__ - INFO - [INFO] System will run until Ctrl+C is pressed
2025-07-05 12:53:33,993 - __main__ - INFO - [MONITOR] Performance stats will be logged every 30 seconds
2025-07-05 12:53:34,253 - modules.coordinate_mapper - INFO - CPU coordinate mapper initialized - Floor: 45.0ft x 30.0ft
2025-07-05 12:53:34,257 - modules.coordinate_mapper - INFO - Camera ID: 1
2025-07-05 12:53:34,261 - modules.coordinate_mapper - INFO - CPU coordinate calibration loaded from: ../configs/warehouse_calibration_camera_1.json
2025-07-05 12:53:34,270 - modules.feature_database - INFO - Loaded 33 objects from CPU database
2025-07-05 12:53:34,283 - modules.feature_database - INFO - CPU feature database initialized with 33 objects
2025-07-05 12:53:34,344 - modules.coordinate_mapper - INFO - CPU coordinate mapper initialized - Floor: 45.0ft x 30.0ft
2025-07-05 12:53:34,348 - modules.coordinate_mapper - INFO - Camera ID: 2
2025-07-05 12:53:34,351 - modules.coordinate_mapper - INFO - CPU coordinate calibration loaded from: ../configs/warehouse_calibration_camera_2.json
2025-07-05 12:53:34,362 - modules.feature_database - INFO - Loaded 18 objects from CPU database
2025-07-05 12:53:34,374 - modules.feature_database - INFO - CPU feature database initialized with 18 objects
2025-07-05 12:53:34,451 - modules.coordinate_mapper - INFO - CPU coordinate mapper initialized - Floor: 45.0ft x 30.0ft
2025-07-05 12:53:34,456 - modules.coordinate_mapper - INFO - Camera ID: 3
2025-07-05 12:53:34,460 - modules.coordinate_mapper - INFO - CPU coordinate calibration loaded from: ../configs/warehouse_calibration_camera_3.json
2025-07-05 12:53:34,470 - modules.feature_database - INFO - Loaded 26 objects from CPU database
2025-07-05 12:53:34,483 - modules.feature_database - INFO - CPU feature database initialized with 26 objects
2025-07-05 12:53:34,589 - modules.coordinate_mapper - INFO - CPU coordinate mapper initialized - Floor: 45.0ft x 30.0ft
2025-07-05 12:53:34,594 - modules.coordinate_mapper - INFO - Camera ID: 4
2025-07-05 12:53:34,598 - modules.coordinate_mapper - INFO - CPU coordinate calibration loaded from: ../configs/warehouse_calibration_camera_4.json
2025-07-05 12:53:34,608 - modules.feature_database - INFO - Loaded 12 objects from CPU database
2025-07-05 12:53:34,623 - modules.feature_database - INFO - CPU feature database initialized with 12 objects
2025-07-05 12:53:37,017 - __main__ - INFO - [COMPLETE] OPTIMIZED system shutdown complete
2025-07-05 12:54:04,056 - warehouse_threading.optimized_pipeline_system - INFO -    Expected CPU Savings: 95%
2025-07-05 12:54:04,061 - warehouse_threading.optimized_pipeline_system - INFO -    GPU Feed Efficiency: 0.00
2025-07-05 12:54:04,064 - warehouse_threading.optimized_pipeline_system - INFO -    Frames Processed: 0
2025-07-05 12:54:04,073 - warehouse_threading.optimized_queue_manager - INFO -    GPU Feed Efficiency: 0.00
2025-07-05 12:54:04,077 - warehouse_threading.optimized_queue_manager - INFO -    Avg Queue Utilization: 0.00
2025-07-05 12:54:04,081 - warehouse_threading.optimized_queue_manager - INFO -    Bottleneck Detected: none
2025-07-05 12:54:04,084 - warehouse_threading.optimized_queue_manager - INFO -    Total Overflows: 0
